# JRE version: Java(TM) SE Runtime Environment (8.0_151-b12) (build 1.8.0_151-b12)
# Java VM: Java HotSpot(TM) 64-Bit Server VM (25.151-b12 mixed mode windows-amd64 compressed oops)
Heap:
 PSYoungGen      total 685568K, used 276572K [0x00000000d5e00000, 0x0000000100000000, 0x0000000100000000)
  eden space 680960K, 40% used [0x00000000d5e00000,0x00000000e69102a0,0x00000000ff700000)
  from space 4608K, 67% used [0x00000000ffb80000,0x00000000ffe86e30,0x0000000100000000)
  to   space 4608K, 0% used [0x00000000ff700000,0x00000000ff700000,0x00000000ffb80000)
 ParOldGen       total 869888K, used 665278K [0x0000000081a00000, 0x00000000b6b80000, 0x00000000d5e00000)
  object space 869888K, 76% used [0x0000000081a00000,0x00000000aa3af918,0x00000000b6b80000)
 Metaspace       used 73691K, capacity 74716K, committed 74880K, reserved 1112064K
  class space    used 11920K, capacity 12123K, committed 12160K, reserved 1048576K
GC Heap History (10 events):
Event: 233.212 GC heap before
{Heap before GC invocations=341 (full 11):
 PSYoungGen      total 685568K, used 682522K [0x00000000d5e00000, 0x0000000100000000, 0x0000000100000000)
  eden space 680960K, 100% used [0x00000000d5e00000,0x00000000ff700000,0x00000000ff700000)
  from space 4608K, 33% used [0x00000000ff700000,0x00000000ff886980,0x00000000ffb80000)
  to   space 4608K, 0% used [0x00000000ffb80000,0x00000000ffb80000,0x0000000100000000)
 ParOldGen       total 869888K, used 403110K [0x0000000081a00000, 0x00000000b6b80000, 0x00000000d5e00000)
  object space 869888K, 46% used [0x0000000081a00000,0x000000009a3a9898,0x00000000b6b80000)
 Metaspace       used 73445K, capacity 74376K, committed 74624K, reserved 1112064K
  class space    used 11901K, capacity 12108K, committed 12160K, reserved 1048576K
Event: 233.215 GC heap after
Heap after GC invocations=341 (full 11):
 PSYoungGen      total 685568K, used 1576K [0x00000000d5e00000, 0x0000000100000000, 0x0000000100000000)
  eden space 680960K, 0% used [0x00000000d5e00000,0x00000000d5e00000,0x00000000ff700000)
  from space 4608K, 34% used [0x00000000ffb80000,0x00000000ffd0a0b8,0x0000000100000000)
  to   space 4608K, 0% used [0x00000000ff700000,0x00000000ff700000,0x00000000ffb80000)
 ParOldGen       total 869888K, used 403110K [0x0000000081a00000, 0x00000000b6b80000, 0x00000000d5e00000)
  object space 869888K, 46% used [0x0000000081a00000,0x000000009a3a9898,0x00000000b6b80000)
 Metaspace       used 73445K, capacity 74376K, committed 74624K, reserved 1112064K
  class space    used 11901K, capacity 12108K, committed 12160K, reserved 1048576K
}
Event: 233.927 GC heap before
{Heap before GC invocations=342 (full 11):
 PSYoungGen      total 685568K, used 682536K [0x00000000d5e00000, 0x0000000100000000, 0x0000000100000000)
  eden space 680960K, 100% used [0x00000000d5e00000,0x00000000ff700000,0x00000000ff700000)
  from space 4608K, 34% used [0x00000000ffb80000,0x00000000ffd0a0b8,0x0000000100000000)
  to   space 4608K, 0% used [0x00000000ff700000,0x00000000ff700000,0x00000000ffb80000)
 ParOldGen       total 869888K, used 403110K [0x0000000081a00000, 0x00000000b6b80000, 0x00000000d5e00000)
  object space 869888K, 46% used [0x0000000081a00000,0x000000009a3a9898,0x00000000b6b80000)
 Metaspace       used 73445K, capacity 74376K, committed 74624K, reserved 1112064K
  class space    used 11901K, capacity 12108K, committed 12160K, reserved 1048576K
Event: 233.930 GC heap after
Heap after GC invocations=342 (full 11):
 PSYoungGen      total 685568K, used 1530K [0x00000000d5e00000, 0x0000000100000000, 0x0000000100000000)
  eden space 680960K, 0% used [0x00000000d5e00000,0x00000000d5e00000,0x00000000ff700000)
  from space 4608K, 33% used [0x00000000ff700000,0x00000000ff87e980,0x00000000ffb80000)
  to   space 4608K, 0% used [0x00000000ffb80000,0x00000000ffb80000,0x0000000100000000)
 ParOldGen       total 869888K, used 403110K [0x0000000081a00000, 0x00000000b6b80000, 0x00000000d5e00000)
  object space 869888K, 46% used [0x0000000081a00000,0x000000009a3a9898,0x00000000b6b80000)
 Metaspace       used 73445K, capacity 74376K, committed 74624K, reserved 1112064K
  class space    used 11901K, capacity 12108K, committed 12160K, reserved 1048576K
}
Event: 234.730 GC heap before
{Heap before GC invocations=343 (full 11):
 PSYoungGen      total 685568K, used 682490K [0x00000000d5e00000, 0x0000000100000000, 0x0000000100000000)
  eden space 680960K, 100% used [0x00000000d5e00000,0x00000000ff700000,0x00000000ff700000)
  from space 4608K, 33% used [0x00000000ff700000,0x00000000ff87e980,0x00000000ffb80000)
  to   space 4608K, 0% used [0x00000000ffb80000,0x00000000ffb80000,0x0000000100000000)
 ParOldGen       total 869888K, used 403110K [0x0000000081a00000, 0x00000000b6b80000, 0x00000000d5e00000)
  object space 869888K, 46% used [0x0000000081a00000,0x000000009a3a9898,0x00000000b6b80000)
 Metaspace       used 73445K, capacity 74376K, committed 74624K, reserved 1112064K
  class space    used 11901K, capacity 12108K, committed 12160K, reserved 1048576K
Event: 234.733 GC heap after
Heap after GC invocations=343 (full 11):
 PSYoungGen      total 685568K, used 1690K [0x00000000d5e00000, 0x0000000100000000, 0x0000000100000000)
  eden space 680960K, 0% used [0x00000000d5e00000,0x00000000d5e00000,0x00000000ff700000)
  from space 4608K, 36% used [0x00000000ffb80000,0x00000000ffd26a58,0x0000000100000000)
  to   space 4608K, 0% used [0x00000000ff700000,0x00000000ff700000,0x00000000ffb80000)
 ParOldGen       total 869888K, used 403126K [0x0000000081a00000, 0x00000000b6b80000, 0x00000000d5e00000)
  object space 869888K, 46% used [0x0000000081a00000,0x000000009a3ad898,0x00000000b6b80000)
 Metaspace       used 73445K, capacity 74376K, committed 74624K, reserved 1112064K
  class space    used 11901K, capacity 12108K, committed 12160K, reserved 1048576K
}
Event: 235.622 GC heap before
{Heap before GC invocations=344 (full 11):
 PSYoungGen      total 685568K, used 682650K [0x00000000d5e00000, 0x0000000100000000, 0x0000000100000000)
  eden space 680960K, 100% used [0x00000000d5e00000,0x00000000ff700000,0x00000000ff700000)
  from space 4608K, 36% used [0x00000000ffb80000,0x00000000ffd26a58,0x0000000100000000)
  to   space 4608K, 0% used [0x00000000ff700000,0x00000000ff700000,0x00000000ffb80000)
 ParOldGen       total 869888K, used 403126K [0x0000000081a00000, 0x00000000b6b80000, 0x00000000d5e00000)
  object space 869888K, 46% used [0x0000000081a00000,0x000000009a3ad898,0x00000000b6b80000)
 Metaspace       used 73445K, capacity 74376K, committed 74624K, reserved 1112064K
  class space    used 11901K, capacity 12108K, committed 12160K, reserved 1048576K
Event: 235.654 GC heap after
Heap after GC invocations=344 (full 11):
 PSYoungGen      total 685568K, used 1576K [0x00000000d5e00000, 0x0000000100000000, 0x0000000100000000)
  eden space 680960K, 0% used [0x00000000d5e00000,0x00000000d5e00000,0x00000000ff700000)
  from space 4608K, 34% used [0x00000000ff700000,0x00000000ff88a0b8,0x00000000ffb80000)
  to   space 4608K, 0% used [0x00000000ffb80000,0x00000000ffb80000,0x0000000100000000)
 ParOldGen       total 869888K, used 665270K [0x0000000081a00000, 0x00000000b6b80000, 0x00000000d5e00000)
  object space 869888K, 76% used [0x0000000081a00000,0x00000000aa3ad918,0x00000000b6b80000)
 Metaspace       used 73445K, capacity 74376K, committed 74624K, reserved 1112064K
  class space    used 11901K, capacity 12108K, committed 12160K, reserved 1048576K
}
Event: 236.985 GC heap before
{Heap before GC invocations=345 (full 11):
 PSYoungGen      total 685568K, used 682536K [0x00000000d5e00000, 0x0000000100000000, 0x0000000100000000)
  eden space 680960K, 100% used [0x00000000d5e00000,0x00000000ff700000,0x00000000ff700000)
  from space 4608K, 34% used [0x00000000ff700000,0x00000000ff88a0b8,0x00000000ffb80000)
  to   space 4608K, 0% used [0x00000000ffb80000,0x00000000ffb80000,0x0000000100000000)
 ParOldGen       total 869888K, used 665270K [0x0000000081a00000, 0x00000000b6b80000, 0x00000000d5e00000)
  object space 869888K, 76% used [0x0000000081a00000,0x00000000aa3ad918,0x00000000b6b80000)
 Metaspace       used 73691K, capacity 74716K, committed 74880K, reserved 1112064K
  class space    used 11920K, capacity 12123K, committed 12160K, reserved 1048576K
Event: 236.992 GC heap after
Heap after GC invocations=345 (full 11):
 PSYoungGen      total 685568K, used 3099K [0x00000000d5e00000, 0x0000000100000000, 0x0000000100000000)
  eden space 680960K, 0% used [0x00000000d5e00000,0x00000000d5e00000,0x00000000ff700000)
  from space 4608K, 67% used [0x00000000ffb80000,0x00000000ffe86e30,0x0000000100000000)
  to   space 4608K, 0% used [0x00000000ff700000,0x00000000ff700000,0x00000000ffb80000)
 ParOldGen       total 869888K, used 665278K [0x0000000081a00000, 0x00000000b6b80000, 0x00000000d5e00000)
  object space 869888K, 76% used [0x0000000081a00000,0x00000000aa3af918,0x00000000b6b80000)
 Metaspace       used 73691K, capacity 74716K, committed 74880K, reserved 1112064K
  class space    used 11920K, capacity 12123K, committed 12160K, reserved 1048576K
}

